ELASTIX version: 4.900
Command line options from ElastixBase:
-fMask    unspecified, so no fixed mask used
-mMask    unspecified, so no moving mask used
-out      ./
-priority unspecified, so NORMAL process priority
-threads  unspecified, so all available threads are used
WARNING: The parameter "UseDirectionCosines", requested at entry number 0, does not exist at all.
  The default value "true" is used instead.

WARNING: The option "UseDirectionCosines" was not found in your parameter file.
  From elastix 4.8 it defaults to true!
This may change the behavior of your registrations considerably.

Command line options from TransformBase:
-t0       unspecified, so no initial transform used

Reading images...
Reading images took 0 ms.

WARNING: the fixed pyramid schedule is not fully specified!
  A default pyramid schedule is used.
WARNING: the moving pyramid schedule is not fully specified!
  A default pyramid schedule is used.
WARNING: The parameter "AutomaticTransformInitialization", requested at entry number 0, does not exist at all.
  The default value "false" is used instead.
WARNING: The parameter "AutomaticTransformInitializationMethod", requested at entry number 0, does not exist at all.
  The default value "GeometricalCenter" is used instead.
Transform parameters are initialized as: [0, 0, 0, 0, 0, 0]
WARNING: The parameter "AutomaticScalesEstimation", requested at entry number 0, does not exist at all.
  The default value "false" is used instead.
Scales for transform parameters are: [100000, 100000, 100000, 1, 1, 1]
Initialization of all components (before registration) took: 5 ms.

itk::ExceptionObject (0000008DA7BE77A8)
Location: "ElastixTemplate - Run()" 
File: C:\SimpleElastix\build_20200108\ITK-prefix\include\ITK-4.13\itkRecursiveSeparableImageFilter.hxx
Line: 245
Description: itk::ERROR: RecursiveGaussianImageFilter(000001A8A4DAF940): The number of pixels along direction 2 is less than 4. This filter requires a minimum of four pixels along the dimension to be processed.

Error occurred during actual registration.


